<?xml version="1.0" encoding="UTF-8"?>
<!-- Generated by org.testng.reporters.JUnitReportReporter -->
<testsuite hostname="DESKTOP-5TCP881" failures="0" tests="1" name="Tests.Assignment_1" time="0.653" errors="0" timestamp="2024-02-01T20:19:43 IST" skipped="0">
  <testcase classname="Tests.Assignment_1" name="validateTitle" time="0.653"/>
  <system-out/>
</testsuite> <!-- Tests.Assignment_1 -->
