<?xml version="1.0" encoding="UTF-8"?>
<!-- Generated by org.testng.reporters.JUnitReportReporter -->
<testsuite hostname="DESKTOP-5TCP881" failures="0" tests="1" name="Tests.Assignment_2" time="2.030" errors="0" timestamp="2024-02-01T20:31:10 IST" skipped="0">
  <testcase classname="Tests.Assignment_2" name="validateTitle" time="2.030"/>
  <system-out/>
</testsuite> <!-- Tests.Assignment_2 -->
