<?xml version="1.0" encoding="UTF-8"?>
<!-- Generated by org.testng.reporters.JUnitReportReporter -->
<testsuite hostname="DESKTOP-5TCP881" failures="0" tests="2" name="Tests.Assignment_1_and_2" time="6.151" errors="0" timestamp="2024-02-02T12:52:44 IST" skipped="0">
  <testcase classname="Tests.Assignment_1_and_2" name="validateTitle" time="5.262"/>
  <system-out/>
  <testcase classname="Tests.Assignment_1_and_2" name="validateURL" time="0.889"/>
  <system-out/>
</testsuite> <!-- Tests.Assignment_1_and_2 -->
